<?xml version="1.0" encoding="UTF-8"?>
<!-- Generated by org.testng.reporters.JUnitReportReporter -->
<testsuite hostname="VAIO" failures="0" tests="3" name="testNGAnnotations.LoginWithBeforeTest" time="0.023" errors="0" timestamp="2023-03-16T21:24:31 EDT" skipped="0">
  <testcase classname="testNGAnnotations.LoginWithBeforeTest" name="m3" time="0.007"/>
  <system-out/>
  <testcase classname="testNGAnnotations.LoginWithBeforeTest" name="m1" time="0.009"/>
  <system-out/>
  <testcase classname="testNGAnnotations.LoginWithBeforeTest" name="m2" time="0.007"/>
  <system-out/>
</testsuite> <!-- testNGAnnotations.LoginWithBeforeTest -->
