<?xml version="1.0" encoding="UTF-8"?>
<!-- Generated by org.testng.reporters.JUnitReportReporter -->
<testsuite hostname="VAIO" failures="0" tests="2" name="testNGAnnotations.BaseTest" time="0.033" errors="0" timestamp="2023-03-16T21:24:31 EDT" skipped="0">
  <testcase classname="testNGAnnotations.BaseTest" name="m1" time="0.020"/>
  <system-out/>
  <testcase classname="testNGAnnotations.BaseTest" name="m3" time="0.013"/>
  <system-out/>
</testsuite> <!-- testNGAnnotations.BaseTest -->
