<?xml version="1.0" encoding="UTF-8"?>
<!-- Generated by org.testng.reporters.JUnitReportReporter -->
<testsuite hostname="VAIO" failures="0" tests="3" name="testNGAnnotations.LoginWithBeforeClass" time="0.012" errors="0" timestamp="2023-03-16T21:24:31 EDT" skipped="0">
  <testcase classname="testNGAnnotations.LoginWithBeforeClass" name="m2" time="0.004"/>
  <system-out/>
  <testcase classname="testNGAnnotations.LoginWithBeforeClass" name="m1" time="0.002"/>
  <system-out/>
  <testcase classname="testNGAnnotations.LoginWithBeforeClass" name="m3" time="0.006"/>
  <system-out/>
</testsuite> <!-- testNGAnnotations.LoginWithBeforeClass -->
