<?xml version="1.0" encoding="UTF-8"?>
<!-- Generated by org.testng.reporters.JUnitReportReporter -->
<testsuite hostname="VAIO" failures="0" tests="3" name="testNGAnnotations.BaseTestWithBeforeTest" time="0.020" errors="0" timestamp="2023-03-16T20:28:17 EDT" skipped="0">
  <testcase classname="testNGAnnotations.BaseTestWithBeforeTest" name="m2" time="0.002"/>
  <system-out/>
  <testcase classname="testNGAnnotations.BaseTestWithBeforeTest" name="m1" time="0.015"/>
  <system-out/>
  <testcase classname="testNGAnnotations.BaseTestWithBeforeTest" name="m3" time="0.003"/>
  <system-out/>
</testsuite> <!-- testNGAnnotations.BaseTestWithBeforeTest -->
