<?xml version="1.0" encoding="UTF-8"?>
<!-- Generated by org.testng.reporters.JUnitReportReporter -->
<testsuite hostname="VAIO" failures="0" tests="3" name="testNGAnnotations.BaseTestWithBeforeClass" time="0.038" errors="0" timestamp="2023-03-16T20:32:45 EDT" skipped="0">
  <testcase classname="testNGAnnotations.BaseTestWithBeforeClass" name="m1" time="0.016"/>
  <system-out/>
  <testcase classname="testNGAnnotations.BaseTestWithBeforeClass" name="m3" time="0.016"/>
  <system-out/>
  <testcase classname="testNGAnnotations.BaseTestWithBeforeClass" name="m2" time="0.006"/>
  <system-out/>
</testsuite> <!-- testNGAnnotations.BaseTestWithBeforeClass -->
